1744310453529	geckodriver	INFO	Listening on 127.0.0.1:57031
1744310456666	mozrunner::runner	INFO	Running command: "C:\\Program Files\\Mozilla Firefox\\firefox.exe" "--marionette" "--remote-debugging-port" "57032" "--remote-allow-hosts" "localhost" "-no-remote" "-profile" "C:\\Users\\edcar\\AppData\\Local\\Temp\\rust_mozprofilegDLNiR"
console.warn: services.settings: Ignoring preference override of remote settings server
console.warn: services.settings: Allow by setting MOZ_REMOTE_SETTINGS_DEVTOOLS=1 in the environment
Dynamically enable window occlusion 0
1744310457146	Marionette	INFO	Marionette enabled
1744310457276	Marionette	INFO	Listening on port 57041
WebDriver BiDi listening on ws://127.0.0.1:57032
Read port: 57041
1744310457470	RemoteAgent	WARN	TLS certificate errors will be ignored for this session
DevTools listening on ws://127.0.0.1:57032/devtools/browser/68700e7c-ee20-4f62-9399-0712d4481d86
JavaScript warning: https://pagead2.googlesyndication.com/bg/2FdxS2qRQ-iFOYzxiZxuWeXxJrfAXWtXpjqcFR5bXcU.js line 2 > eval line 5373 > eval line 1 > eval line 1 > eval, line 1: WEBGL_debug_renderer_info is deprecated in Firefox and will be removed. Please use RENDERER.
JavaScript warning: https://www.amazon.com.br/, line 3815: WEBGL_debug_renderer_info is deprecated in Firefox and will be removed. Please use RENDERER.
JavaScript warning: https://pagead2.googlesyndication.com/pagead/managed/js/activeview/current/ufs_web_display.js?cache=r20110914, line 13: Script terminated by timeout at:
B@https://pagead2.googlesyndication.com/pagead/managed/js/activeview/current/ufs_web_display.js?cache=r20110914:13:325
h@https://pagead2.googlesyndication.com/pagead/managed/js/activeview/current/ufs_web_display.js?cache=r20110914:93:449

JavaScript warning: https://www.amazon.com.br/, line 3817: WEBGL_debug_renderer_info is deprecated in Firefox and will be removed. Please use RENDERER.
JavaScript warning: https://pagead2.googlesyndication.com/bg/2FdxS2qRQ-iFOYzxiZxuWeXxJrfAXWtXpjqcFR5bXcU.js line 2 > eval line 6975 > eval line 1 > eval line 1 > eval, line 1: WEBGL_debug_renderer_info is deprecated in Firefox and will be removed. Please use RENDERER.
JavaScript warning: https://pagead2.googlesyndication.com/pagead/managed/js/activeview/current/ufs_web_display.js?cache=r20110914, line 81: Script terminated by timeout at:
tc.prototype.next@https://pagead2.googlesyndication.com/pagead/managed/js/activeview/current/ufs_web_display.js?cache=r20110914:81:184
n.Gd@https://pagead2.googlesyndication.com/pagead/managed/js/activeview/current/ufs_web_display.js?cache=r20110914:80:756
n.next@https://pagead2.googlesyndication.com/pagead/managed/js/activeview/current/ufs_web_display.js?cache=r20110914:80:523
qg/</</</<@https://pagead2.googlesyndication.com/pagead/managed/js/activeview/current/ufs_web_display.js?cache=r20110914:121:515
Ta.prototype.Vb/<@https://pagead2.googlesyndication.com/pagead/managed/js/activeview/current/ufs_web_display.js?cache=r20110914:48:315
qg/</</<@https://pagead2.googlesyndication.com/pagead/managed/js/activeview/current/ufs_web_display.js?cache=r20110914:121:524
tc.prototype.next@https://pagead2.googlesyndication.com/pagead/managed/js/activeview/current/ufs_web_display.js?cache=r20110914:81:218
n.Gd@https://pagead2.googlesyndication.com/pagead/managed/js/activeview/current/ufs_web_display.js?cache=r20110914:80:756
n.next@https://pagead2.googlesyndication.com/pagead/managed/js/activeview/current/ufs_web_display.js?cache=r20110914:80:523
h@https://pagead2.googlesyndication.com/pagead/managed/js/activeview/current/ufs_web_display.js?cache=r20110914:93:477

JavaScript warning: https://www.amazon.com.br/Eletronicos-e-Tecnologia/b/?ie=UTF8&node=16209062011&ref_=nav_cs_electronics, line 5568: WEBGL_debug_renderer_info is deprecated in Firefox and will be removed. Please use RENDERER.
JavaScript warning: https://m.media-amazon.com/images/I/71hE7IvdPvL.js?AUIClients/FWCIMAssets, line 298: WEBGL_debug_renderer_info is deprecated in Firefox and will be removed. Please use RENDERER.
JavaScript warning: https://www.amazon.com.br/Eletronicos-e-Tecnologia/b/?ie=UTF8&node=16209062011&ref_=nav_cs_electronics, line 5516: Script terminated by timeout at:
l@https://www.amazon.com.br/Eletronicos-e-Tecnologia/b/?ie=UTF8&node=16209062011&ref_=nav_cs_electronics:5516:262

1744310502196	Marionette	INFO	Stopped listening on port 57041
Dynamically enable window occlusion 1
