1744303732302	geckodriver	INFO	Listening on 127.0.0.1:56052
1744303735355	mozrunner::runner	INFO	Running command: "C:\\Program Files\\Mozilla Firefox\\firefox.exe" "--marionette" "--remote-debugging-port" "56053" "--remote-allow-hosts" "localhost" "-no-remote" "-profile" "C:\\Users\\edcar\\AppData\\Local\\Temp\\rust_mozprofile6r0bHu"
console.warn: services.settings: Ignoring preference override of remote settings server
console.warn: services.settings: Allow by setting MOZ_REMOTE_SETTINGS_DEVTOOLS=1 in the environment
Dynamically enable window occlusion 0
1744303735896	Marionette	INFO	Marionette enabled
1744303736098	Marionette	INFO	Listening on port 56132
WebDriver BiDi listening on ws://127.0.0.1:56053
Read port: 56132
1744303736274	RemoteAgent	WARN	TLS certificate errors will be ignored for this session
DevTools listening on ws://127.0.0.1:56053/devtools/browser/4d20d9eb-9adc-4e29-93ee-1e38191c5038
JavaScript warning: https://www.amazon.com.br/, line 3816: WEBGL_debug_renderer_info is deprecated in Firefox and will be removed. Please use RENDERER.
JavaScript warning: https://www.amazon.com.br/, line 3827: WEBGL_debug_renderer_info is deprecated in Firefox and will be removed. Please use RENDERER.
JavaScript warning: https://pagead2.googlesyndication.com/bg/2FdxS2qRQ-iFOYzxiZxuWeXxJrfAXWtXpjqcFR5bXcU.js line 2 > eval line 5330 > eval line 1 > eval line 1 > eval, line 1: WEBGL_debug_renderer_info is deprecated in Firefox and will be removed. Please use RENDERER.
JavaScript warning: https://c.amazon-adsystem.com/vfw/ias/fw.js?iasConfig=%2Frjss%2Famazon%2F2380351%2F85671595%2Fias%2Fs%2Fskeleton.js%3FiasProxyPartnerId%3D37103&gdpr=${GDPR}&gdpr_consent=${GDPR_CONSENT_278}&gdpr_pd=${GDPR_PD}&ias_dspID=33&ias_campId=594048809487034608&ias_chanId=588660485946656098&ias_placementId=586551032894211518, line 1: Script terminated by timeout at:
__IntegralASConfig.initialize/wo/e.tzn<@https://c.amazon-adsystem.com/vfw/ias/fw.js?iasConfig=%2Frjss%2Famazon%2F2380351%2F85671595%2Fias%2Fs%2Fskeleton.js%3FiasProxyPartnerId%3D37103&gdpr=${GDPR}&gdpr_consent=${GDPR_CONSENT_278}&gdpr_pd=${GDPR_PD}&ias_dspID=33&ias_campId=594048809487034608&ias_chanId=588660485946656098&ias_placementId=586551032894211518:1:290842
wo@https://c.amazon-adsystem.com/vfw/ias/fw.js?iasConfig=%2Frjss%2Famazon%2F2380351%2F85671595%2Fias%2Fs%2Fskeleton.js%3FiasProxyPartnerId%3D37103&gdpr=${GDPR}&gdpr_consent=${GDPR_CONSENT_278}&gdpr_pd=${GDPR_PD}&ias_dspID=33&ias_campId=594048809487034608&ias_chanId=588660485946656098&ias_placementId=586551032894211518:1:290893
So@https://c.amazon-adsystem.com/vfw/ias/fw.js?iasConfig=%2Frjss%2Famazon%2F2380351%2F85671595%2Fias%2Fs%2Fskeleton.js%3FiasProxyPartnerId%3D37103&gdpr=${GDPR}&gdpr_consent=${GDPR_CONSENT_278}&gdpr_pd=${GDPR_PD}&ias_dspID=33&ias_campId=594048809487034608&ias_chanId=588660485946656098&ias_placementId=586551032894211518:1:288285
executeDomlessSafeFunctions@https://c.amazon-adsystem.com/vfw/ias/fw.js?iasConfig=%2Frjss%2Famazon%2F2380351%2F85671595%2Fias%2Fs%2Fskeleton.js%3FiasProxyPartnerId%3D37103&gdpr=${GDPR}&gdpr_consent=${GDPR_CONSENT_278}&gdpr_pd=${GDPR_PD}&ias_dspID=33&ias_campId=594048809487034608&ias_chanId=588660485946656098&ias_placementId=586551032894211518:1:287936
extractSignals@https://c.amazon-adsystem.com/vfw/ias/fw.js?iasConfig=%2Frjss%2Famazon%2F2380351%2F85671595%2Fias%2Fs%2Fskeleton.js%3FiasProxyPartnerId%3D37103&gdpr=${GDPR}&gdpr_consent=${GDPR_CONSENT_278}&gdpr_pd=${GDPR_PD}&ias_dspID=33&ias_campId=594048809487034608&ias_chanId=588660485946656098&ias_placementId=586551032894211518:1:287809
__IntegralASConfig.initialize/Eo/</<@https://c.amazon-adsystem.com/vfw/ias/fw.js?iasConfig=%2Frjss%2Famazon%2F2380351%2F85671595%2Fias%2Fs%2Fskeleton.js%3FiasProxyPartnerId%3D37103&gdpr=${GDPR}&gdpr_consent=${GDPR_CONSENT_278}&gdpr_pd=${GDPR_PD}&ias_dspID=33&ias_campId=594048809487034608&ias_chanId=588660485946656098&ias_placementId=586551032894211518:1:287731

JavaScript warning: https://www.amazon.com.br/s?k=Console+Xbox+Series&__mk_pt_BR=%C3%85M%C3%85%C5%BD%C3%95%C3%91&crid=35MQBYWMYPGXA&sprefix=%2Caps%2C187&ref=nb_sb_noss, line 5758: WEBGL_debug_renderer_info is deprecated in Firefox and will be removed. Please use RENDERER.
JavaScript warning: https://m.media-amazon.com/images/I/71hE7IvdPvL.js?AUIClients/FWCIMAssets, line 298: WEBGL_debug_renderer_info is deprecated in Firefox and will be removed. Please use RENDERER.
JavaScript warning: https://m.media-amazon.com/images/I/61xJcNKKLXL.js?AUIClients/AmazonUIjQuery, line 69: Script terminated by timeout at:
removeClass@https://m.media-amazon.com/images/I/61xJcNKKLXL.js?AUIClients/AmazonUIjQuery:69:221
@https://images-na.ssl-images-amazon.com/images/I/11TeK6RO9OL._RC|31PhtfzE1FL.js,31Y5AkqmNvL.js,01Fkn0wywQL.js,31d5cZHVKgL.js,41STYmgYJcL.js,41bxJejqQ7L.js,01r1r3sVlxL.js,21FYCfNs2aL.js,019dBqWurRL.js,11SnpH5CbIL.js,01XQQDMWkKL.js,012z3lMdhOL.js,11Exu1nsH7L.js,01b82LFIRTL.js,11UyW+59ZyL.js,015CwW0puPL.js,21wGrqBcFlL.js,0164lSJukTL.js,219jZMsEOWL.js,318wG7-Wo+L.js,01FA0ZefFJL.js,01M+YAkWjvL.js_.js?AUIClients/SearchAssets#1124410-T1.1161841-T1.964665-T1.1168384-C:247:365

1744303820542	Marionette	INFO	Stopped listening on port 56132
Dynamically enable window occlusion 1
